c:\users\kittilsen\source\repos\ue4base\unrealengine-kiocode-base\x64\release\vc143.pdb
c:\users\kittilsen\source\repos\ue4base\unrealengine-kiocode-base\x64\release\groundbranch_functions.obj
c:\users\kittilsen\source\repos\ue4base\unrealengine-kiocode-base\x64\release\engine_functions.obj
c:\users\kittilsen\source\repos\ue4base\unrealengine-kiocode-base\x64\release\coreuobject_functions.obj
c:\users\kittilsen\source\repos\ue4base\unrealengine-kiocode-base\x64\release\bp_kytbase_functions.obj
c:\users\kittilsen\source\repos\ue4base\unrealengine-kiocode-base\x64\release\bp_kytbadguy_functions.obj
c:\users\kittilsen\source\repos\ue4base\unrealengine-kiocode-base\x64\release\bp_character_functions.obj
c:\users\kittilsen\source\repos\ue4base\unrealengine-kiocode-base\x64\release\basic.obj
c:\users\kittilsen\source\repos\ue4base\unrealengine-kiocode-base\x64\release\modmenu.obj
c:\users\kittilsen\source\repos\ue4base\unrealengine-kiocode-base\x64\release\gui.obj
c:\users\kittilsen\source\repos\ue4base\unrealengine-kiocode-base\x64\release\main_loop.obj
c:\users\kittilsen\source\repos\ue4base\unrealengine-kiocode-base\x64\release\core.obj
c:\users\kittilsen\source\repos\ue4base\unrealengine-kiocode-base\x64\release\dllmain.obj
c:\users\kittilsen\source\repos\ue4base\unrealengine-kiocode-base\x64\release\kiero.obj
c:\users\kittilsen\source\repos\ue4base\unrealengine-kiocode-base\x64\release\imgui_widgets.obj
c:\users\kittilsen\source\repos\ue4base\unrealengine-kiocode-base\x64\release\imgui_impl_win32.obj
c:\users\kittilsen\source\repos\ue4base\unrealengine-kiocode-base\x64\release\imgui_impl_dx11.obj
c:\users\kittilsen\source\repos\ue4base\unrealengine-kiocode-base\x64\release\imgui_draw.obj
c:\users\kittilsen\source\repos\ue4base\unrealengine-kiocode-base\x64\release\imgui_demo.obj
c:\users\kittilsen\source\repos\ue4base\unrealengine-kiocode-base\x64\release\imgui.obj
c:\users\kittilsen\source\repos\ue4base\unrealengine-kiocode-base\x64\release\imgui_helper.obj
c:\users\kittilsen\source\repos\ue4base\unrealengine-kiocode-base\x64\release\general.obj
c:\users\kittilsen\source\repos\ue4base\unrealengine-kiocode-base\x64\release\dumper.obj
c:\users\kittilsen\source\repos\ue4base\unrealengine-kiocode-base\x64\release\main_test.obj
c:\users\kittilsen\source\repos\ue4base\unrealengine-kiocode-base\x64\release\gui.h.ifc
c:\users\kittilsen\source\repos\ue4base\unrealengine-kiocode-base\x64\release\gui.h.ifc.d.json
c:\users\kittilsen\source\repos\ue4base\unrealengine-kiocode-base\x64\release\gui.h.obj
c:\users\kittilsen\source\repos\ue4base\unrealengine-kiocode-base\x64\release\gui.h.module.json
c:\users\kittilsen\source\repos\ue4base\unrealengine-kiocode-base\x64\release\unrealen.04b17470.tlog\cl.command.1.tlog
c:\users\kittilsen\source\repos\ue4base\unrealengine-kiocode-base\x64\release\unrealen.04b17470.tlog\cl.read.1.tlog
c:\users\kittilsen\source\repos\ue4base\unrealengine-kiocode-base\x64\release\unrealen.04b17470.tlog\cl.write.1.tlog
c:\users\kittilsen\source\repos\ue4base\unrealengine-kiocode-base\x64\release\unrealen.04b17470_md.tlog\cl.command.1.tlog
c:\users\kittilsen\source\repos\ue4base\unrealengine-kiocode-base\x64\release\unrealen.04b17470_md.tlog\microsoft.build.cpptasks.cl.read.1.tlog
c:\users\kittilsen\source\repos\ue4base\unrealengine-kiocode-base\x64\release\unrealen.04b17470_md.tlog\microsoft.build.cpptasks.cl.write.1.tlog
